# JRE version: Java(TM) SE Runtime Environment 18.9 (11.0.9+7) (build 11.0.9+7-LTS)
# Java VM: Java HotSpot(TM) 64-Bit Server VM 18.9 (11.0.9+7-LTS, mixed mode, tiered, compressed oops, g1 gc, windows-amd64)
Heap:
 garbage-first heap   total 312320K, used 180226K [0x0000000702600000, 0x0000000800000000)
  region size 1024K, 117 young (119808K), 8 survivors (8192K)
 Metaspace       used 79566K, capacity 81817K, committed 81996K, reserved 1120256K
  class space    used 10147K, capacity 11051K, committed 11084K, reserved 1048576K
GC Heap History (10 events):
Event: 9116.010 GC heap before
{Heap before GC invocations=106 (full 0):
 garbage-first heap   total 312320K, used 246416K [0x0000000702600000, 0x0000000800000000)
  region size 1024K, 183 young (187392K), 2 survivors (2048K)
 Metaspace       used 76523K, capacity 78671K, committed 78796K, reserved 1118208K
  class space    used 9766K, capacity 10650K, committed 10700K, reserved 1048576K
}
Event: 9116.015 GC heap after
{Heap after GC invocations=107 (full 0):
 garbage-first heap   total 312320K, used 71626K [0x0000000702600000, 0x0000000800000000)
  region size 1024K, 12 young (12288K), 12 survivors (12288K)
 Metaspace       used 76523K, capacity 78671K, committed 78796K, reserved 1118208K
  class space    used 9766K, capacity 10650K, committed 10700K, reserved 1048576K
}
Event: 9208.613 GC heap before
{Heap before GC invocations=107 (full 0):
 garbage-first heap   total 312320K, used 246730K [0x0000000702600000, 0x0000000800000000)
  region size 1024K, 183 young (187392K), 12 survivors (12288K)
 Metaspace       used 76526K, capacity 78671K, committed 78796K, reserved 1118208K
  class space    used 9766K, capacity 10650K, committed 10700K, reserved 1048576K
}
Event: 9208.617 GC heap after
{Heap after GC invocations=108 (full 0):
 garbage-first heap   total 312320K, used 70528K [0x0000000702600000, 0x0000000800000000)
  region size 1024K, 11 young (11264K), 11 survivors (11264K)
 Metaspace       used 76526K, capacity 78671K, committed 78796K, reserved 1118208K
  class space    used 9766K, capacity 10650K, committed 10700K, reserved 1048576K
}
Event: 9287.001 GC heap before
{Heap before GC invocations=108 (full 0):
 garbage-first heap   total 312320K, used 245632K [0x0000000702600000, 0x0000000800000000)
  region size 1024K, 183 young (187392K), 11 survivors (11264K)
 Metaspace       used 79188K, capacity 81328K, committed 81484K, reserved 1120256K
  class space    used 10101K, capacity 10979K, committed 11084K, reserved 1048576K
}
Event: 9287.009 GC heap after
{Heap after GC invocations=109 (full 0):
 garbage-first heap   total 312320K, used 74057K [0x0000000702600000, 0x0000000800000000)
  region size 1024K, 14 young (14336K), 14 survivors (14336K)
 Metaspace       used 79188K, capacity 81328K, committed 81484K, reserved 1120256K
  class space    used 10101K, capacity 10979K, committed 11084K, reserved 1048576K
}
Event: 9335.988 GC heap before
{Heap before GC invocations=109 (full 0):
 garbage-first heap   total 312320K, used 246089K [0x0000000702600000, 0x0000000800000000)
  region size 1024K, 183 young (187392K), 14 survivors (14336K)
 Metaspace       used 79535K, capacity 81734K, committed 81996K, reserved 1120256K
  class space    used 10145K, capacity 11047K, committed 11084K, reserved 1048576K
}
Event: 9336.035 GC heap after
{Heap after GC invocations=110 (full 0):
 garbage-first heap   total 312320K, used 73770K [0x0000000702600000, 0x0000000800000000)
  region size 1024K, 12 young (12288K), 12 survivors (12288K)
 Metaspace       used 79535K, capacity 81734K, committed 81996K, reserved 1120256K
  class space    used 10145K, capacity 11047K, committed 11084K, reserved 1048576K
}
Event: 9428.307 GC heap before
{Heap before GC invocations=110 (full 0):
 garbage-first heap   total 312320K, used 248874K [0x0000000702600000, 0x0000000800000000)
  region size 1024K, 183 young (187392K), 12 survivors (12288K)
 Metaspace       used 79535K, capacity 81734K, committed 81996K, reserved 1120256K
  class space    used 10145K, capacity 11047K, committed 11084K, reserved 1048576K
}
Event: 9428.311 GC heap after
{Heap after GC invocations=111 (full 0):
 garbage-first heap   total 312320K, used 69634K [0x0000000702600000, 0x0000000800000000)
  region size 1024K, 8 young (8192K), 8 survivors (8192K)
 Metaspace       used 79535K, capacity 81734K, committed 81996K, reserved 1120256K
  class space    used 10145K, capacity 11047K, committed 11084K, reserved 1048576K
}

